This is pdfTeX, Version 3.141592653-2.6-1.40.27 (MiKTeX 25.4) (preloaded format=pdflatex.fmt)
 restricted \write18 enabled.
entering extended mode
(manuscript.tex
LaTeX2e <2025-11-01>
L3 programming layer <2025-11-06>
(C:\Users\mirro\AppData\Local\Programs\MiKTeX\tex/latex/base\article.cls
Document Class: article 2025/01/22 v1.4n Standard LaTeX document class
(C:\Users\mirro\AppData\Local\Programs\MiKTeX\tex/latex/base\size11.clo))
(C:\Users\mirro\AppData\Local\Programs\MiKTeX\tex/latex/geometry\geometry.sty
(C:\Users\mirro\AppData\Local\Programs\MiKTeX\tex/latex/graphics\keyval.sty)
(C:\Users\mirro\AppData\Local\Programs\MiKTeX\tex/generic/iftex\ifvtex.sty
(C:\Users\mirro\AppData\Local\Programs\MiKTeX\tex/generic/iftex\iftex.sty))
(C:\Users\mirro\AppData\Local\Programs\MiKTeX\tex/latex/geometry\geometry.cfg))
(C:\Users\mirro\AppData\Local\Programs\MiKTeX\tex/latex/base\inputenc.sty)
(C:\Users\mirro\AppData\Local\Programs\MiKTeX\tex/latex/amsmath\amsmath.sty
For additional information on amsmath, use the `?' option.
(C:\Users\mirro\AppData\Local\Programs\MiKTeX\tex/latex/amsmath\amstext.sty
(C:\Users\mirro\AppData\Local\Programs\MiKTeX\tex/latex/amsmath\amsgen.sty))
(C:\Users\mirro\AppData\Local\Programs\MiKTeX\tex/latex/amsmath\amsbsy.sty)
(C:\Users\mirro\AppData\Local\Programs\MiKTeX\tex/latex/amsmath\amsopn.sty))
(C:\Users\mirro\AppData\Local\Programs\MiKTeX\tex/latex/amsfonts\amssymb.sty
(C:\Users\mirro\AppData\Local\Programs\MiKTeX\tex/latex/amsfonts\amsfonts.sty))
 (C:\Users\mirro\AppData\Local\Programs\MiKTeX\tex/latex/graphics\graphicx.sty
(C:\Users\mirro\AppData\Local\Programs\MiKTeX\tex/latex/graphics\graphics.sty
(C:\Users\mirro\AppData\Local\Programs\MiKTeX\tex/latex/graphics\trig.sty)
(C:\Users\mirro\AppData\Local\Programs\MiKTeX\tex/latex/graphics-cfg\graphics.c
fg)
(C:\Users\mirro\AppData\Local\Programs\MiKTeX\tex/latex/graphics-def\pdftex.def
)))
(C:\Users\mirro\AppData\Local\Programs\MiKTeX\tex/latex/booktabs\booktabs.sty)
(C:\Users\mirro\AppData\Local\Programs\MiKTeX\tex/latex/natbib\natbib.sty)
(C:\Users\mirro\AppData\Local\Programs\MiKTeX\tex/latex/hyperref\hyperref.sty
(C:\Users\mirro\AppData\Local\Programs\MiKTeX\tex/latex/kvsetkeys\kvsetkeys.sty
)
(C:\Users\mirro\AppData\Local\Programs\MiKTeX\tex/generic/kvdefinekeys\kvdefine
keys.sty)
(C:\Users\mirro\AppData\Local\Programs\MiKTeX\tex/generic/pdfescape\pdfescape.s
ty
(C:\Users\mirro\AppData\Local\Programs\MiKTeX\tex/generic/ltxcmds\ltxcmds.sty)
(C:\Users\mirro\AppData\Local\Programs\MiKTeX\tex/generic/pdftexcmds\pdftexcmds
.sty
(C:\Users\mirro\AppData\Local\Programs\MiKTeX\tex/generic/infwarerr\infwarerr.s
ty)))
(C:\Users\mirro\AppData\Local\Programs\MiKTeX\tex/latex/hycolor\hycolor.sty)
(C:\Users\mirro\AppData\Local\Programs\MiKTeX\tex/latex/hyperref\nameref.sty
(C:\Users\mirro\AppData\Local\Programs\MiKTeX\tex/latex/refcount\refcount.sty)
(C:\Users\mirro\AppData\Local\Programs\MiKTeX\tex/generic/gettitlestring\gettit
lestring.sty
(C:\Users\mirro\AppData\Local\Programs\MiKTeX\tex/latex/kvoptions\kvoptions.sty
)))
(C:\Users\mirro\AppData\Local\Programs\MiKTeX\tex/latex/etoolbox\etoolbox.sty)
(C:\Users\mirro\AppData\Local\Programs\MiKTeX\tex/generic/stringenc\stringenc.s
ty) (C:\Users\mirro\AppData\Local\Programs\MiKTeX\tex/latex/hyperref\pd1enc.def
) (C:\Users\mirro\AppData\Local\Programs\MiKTeX\tex/generic/intcalc\intcalc.sty
) (C:\Users\mirro\AppData\Local\Programs\MiKTeX\tex/latex/hyperref\puenc.def)
(C:\Users\mirro\AppData\Local\Programs\MiKTeX\tex/latex/url\url.sty)
(C:\Users\mirro\AppData\Local\Programs\MiKTeX\tex/generic/bitset\bitset.sty
(C:\Users\mirro\AppData\Local\Programs\MiKTeX\tex/generic/bigintcalc\bigintcalc
.sty)))
(C:\Users\mirro\AppData\Local\Programs\MiKTeX\tex/latex/hyperref\hpdftex.def
(C:\Users\mirro\AppData\Local\Programs\MiKTeX\tex/latex/rerunfilecheck\rerunfil
echeck.sty
(C:\Users\mirro\AppData\Local\Programs\MiKTeX\tex/generic/uniquecounter\uniquec
ounter.sty)))
(C:\Users\mirro\AppData\Local\Programs\MiKTeX\tex/latex/setspace\setspace.sty)
(C:\Users\mirro\AppData\Local\Programs\MiKTeX\tex/latex/caption\caption.sty
(C:\Users\mirro\AppData\Local\Programs\MiKTeX\tex/latex/caption\caption3.sty))
(C:\Users\mirro\AppData\Local\Programs\MiKTeX\tex/latex/caption\subcaption.sty)
 (C:\Users\mirro\AppData\Local\Programs\MiKTeX\tex/latex/siunitx\siunitx.sty
(C:\Users\mirro\AppData\Local\Programs\MiKTeX\tex/latex/translations\translatio
ns.sty) (C:\Users\mirro\AppData\Local\Programs\MiKTeX\tex/latex/tools\array.sty
)) (C:\Users\mirro\AppData\Local\Programs\MiKTeX\tex/latex/xcolor\xcolor.sty
(C:\Users\mirro\AppData\Local\Programs\MiKTeX\tex/latex/graphics-cfg\color.cfg)
(C:\Users\mirro\AppData\Local\Programs\MiKTeX\tex/latex/graphics\mathcolor.ltx)
)
(C:\Users\mirro\AppData\Local\Programs\MiKTeX\tex/latex/l3backend\l3backend-pdf
tex.def) (manuscript.aux)
*geometry* driver: auto-detecting
*geometry* detected driver: pdftex

(C:\Users\mirro\AppData\Local\Programs\MiKTeX\tex/context/base/mkii\supp-pdf.mk
ii
[Loading MPS to PDF converter (version 2006.09.02).]
)
(C:\Users\mirro\AppData\Local\Programs\MiKTeX\tex/latex/epstopdf-pkg\epstopdf-b
ase.sty
(C:\Users\mirro\AppData\Local\Programs\MiKTeX\tex/latex/00miktex\epstopdf-sys.c
fg)) (manuscript.out) (manuscript.out)
(C:\Users\mirro\AppData\Local\Programs\MiKTeX\tex/latex/translations/dicts\tran
slations-basic-dictionary-english.trsl)
(C:\Users\mirro\AppData\Local\Programs\MiKTeX\tex/latex/amsfonts\umsa.fd)
(C:\Users\mirro\AppData\Local\Programs\MiKTeX\tex/latex/amsfonts\umsb.fd)
Overfull \hbox (54.34114pt too wide) in paragraph at lines 41--41
 [][] 
[1{C:/Users/mirro/AppData/Local/MiKTeX/fonts/map/pdftex/pdftex.map}]
Overfull \hbox (0.87914pt too wide) in paragraph at lines 56--57
[]\OT1/cmr/m/n/10.95 The dataset an-a-lyzed here is the KH2017 mouse-tracking d
ataset dis-tributed with the \OT1/cmtt/m/n/10.95 mousetrap
(outputs/tables/table_dataset.tex) [2]
(outputs/tables/table_numerical_settings.tex) [3] [4]
(outputs/tables/table_semantic_scores.tex) [5]
(outputs/tables/table_condition_summary.tex) (outputs/tables/table_paired.tex)
[6] [7 <./figures/trajectory_fit.png>] (outputs/tables/table_rmse.tex)
(outputs/tables/table_cluster_regression.tex)

Package hyperref Warning: Token not allowed in a PDF string (Unicode):
(hyperref)                removing `math shift' on input line 173.


Package hyperref Warning: Token not allowed in a PDF string (Unicode):
(hyperref)                removing `\rho' on input line 173.


Package hyperref Warning: Token not allowed in a PDF string (Unicode):
(hyperref)                removing `math shift' on input line 173.

[8 <./figures/rho_by_condition.png>] [9 <./figures/rho_subject_paired.png>]
(outputs/tables/table_semantic_models.tex) [10 <./figures/semantic_prior_rho.pn
g>] [11 <./figures/semantic_predicted_vs_fitted.png>]
(outputs/tables/table_stochastic.tex) (outputs/tables/table_item_nll.tex)
(outputs/tables/table_sensitivity.tex) [12] [13 <./figures/decisive_four_panel.
png>] (outputs/tables/table_permutation.tex)
(outputs/tables/table_mixed_effects.tex)
(outputs/tables/table_item_recovery.tex) [14] [15] [16] (manuscript.bbl
[17]
Underfull \hbox (badness 6396) in paragraph at lines 37--42
[]\OT1/cmr/m/n/10.95 Pereira, A. (2026).  Se-man-tic scores for 19 kh2017 an-i-
mal ex-em-plars.  Repos-

Underfull \hbox (badness 10000) in paragraph at lines 37--42
\OT1/cmr/m/n/10.95 i-tory data file: \OT1/cmtt/m/n/10.95 outputs/semantic[]scor
es[]19[]items.csv\OT1/cmr/m/n/10.95 ; gen-er-ated from
) [18] (manuscript.aux) )
(see the transcript file for additional information) <C:\Users\mirro\AppData\Lo
cal\MiKTeX\fonts/pk/ljfour/jknappen/ec/dpi600\tcrm0600.pk> <C:\Users\mirro\AppD
ata\Local\MiKTeX\fonts/pk/ljfour/jknappen/ec/dpi600\tcrm0800.pk><C:/Users/mirro
/AppData/Local/Programs/MiKTeX/fonts/type1/public/amsfonts/cm/cmbx10.pfb><C:/Us
ers/mirro/AppData/Local/Programs/MiKTeX/fonts/type1/public/amsfonts/cm/cmbx12.p
fb><C:/Users/mirro/AppData/Local/Programs/MiKTeX/fonts/type1/public/amsfonts/cm
/cmex10.pfb><C:/Users/mirro/AppData/Local/Programs/MiKTeX/fonts/type1/public/am
sfonts/cm/cmmi10.pfb><C:/Users/mirro/AppData/Local/Programs/MiKTeX/fonts/type1/
public/amsfonts/cm/cmmi12.pfb><C:/Users/mirro/AppData/Local/Programs/MiKTeX/fon
ts/type1/public/amsfonts/cm/cmmi7.pfb><C:/Users/mirro/AppData/Local/Programs/Mi
KTeX/fonts/type1/public/amsfonts/cm/cmmi8.pfb><C:/Users/mirro/AppData/Local/Pro
grams/MiKTeX/fonts/type1/public/amsfonts/cm/cmr10.pfb><C:/Users/mirro/AppData/L
ocal/Programs/MiKTeX/fonts/type1/public/amsfonts/cm/cmr12.pfb><C:/Users/mirro/A
ppData/Local/Programs/MiKTeX/fonts/type1/public/amsfonts/cm/cmr17.pfb><C:/Users
/mirro/AppData/Local/Programs/MiKTeX/fonts/type1/public/amsfonts/cm/cmr8.pfb><C
:/Users/mirro/AppData/Local/Programs/MiKTeX/fonts/type1/public/amsfonts/cm/cmr9
.pfb><C:/Users/mirro/AppData/Local/Programs/MiKTeX/fonts/type1/public/amsfonts/
cm/cmsy10.pfb><C:/Users/mirro/AppData/Local/Programs/MiKTeX/fonts/type1/public/
amsfonts/cm/cmsy8.pfb><C:/Users/mirro/AppData/Local/Programs/MiKTeX/fonts/type1
/public/amsfonts/cm/cmti10.pfb><C:/Users/mirro/AppData/Local/Programs/MiKTeX/fo
nts/type1/public/amsfonts/cm/cmtt10.pfb>
Output written on manuscript.pdf (18 pages, 980276 bytes).
Transcript written on manuscript.log.
This is BibTeX, Version 0.99d (MiKTeX 25.4)
The top-level auxiliary file: manuscript.aux
The style file: apalike.bst
Database file #1: references.bib
This is pdfTeX, Version 3.141592653-2.6-1.40.27 (MiKTeX 25.4) (preloaded format=pdflatex.fmt)
 restricted \write18 enabled.
entering extended mode
(manuscript.tex
LaTeX2e <2025-11-01>
L3 programming layer <2025-11-06>
(C:\Users\mirro\AppData\Local\Programs\MiKTeX\tex/latex/base\article.cls
Document Class: article 2025/01/22 v1.4n Standard LaTeX document class
(C:\Users\mirro\AppData\Local\Programs\MiKTeX\tex/latex/base\size11.clo))
(C:\Users\mirro\AppData\Local\Programs\MiKTeX\tex/latex/geometry\geometry.sty
(C:\Users\mirro\AppData\Local\Programs\MiKTeX\tex/latex/graphics\keyval.sty)
(C:\Users\mirro\AppData\Local\Programs\MiKTeX\tex/generic/iftex\ifvtex.sty
(C:\Users\mirro\AppData\Local\Programs\MiKTeX\tex/generic/iftex\iftex.sty))
(C:\Users\mirro\AppData\Local\Programs\MiKTeX\tex/latex/geometry\geometry.cfg))
(C:\Users\mirro\AppData\Local\Programs\MiKTeX\tex/latex/base\inputenc.sty)
(C:\Users\mirro\AppData\Local\Programs\MiKTeX\tex/latex/amsmath\amsmath.sty
For additional information on amsmath, use the `?' option.
(C:\Users\mirro\AppData\Local\Programs\MiKTeX\tex/latex/amsmath\amstext.sty
(C:\Users\mirro\AppData\Local\Programs\MiKTeX\tex/latex/amsmath\amsgen.sty))
(C:\Users\mirro\AppData\Local\Programs\MiKTeX\tex/latex/amsmath\amsbsy.sty)
(C:\Users\mirro\AppData\Local\Programs\MiKTeX\tex/latex/amsmath\amsopn.sty))
(C:\Users\mirro\AppData\Local\Programs\MiKTeX\tex/latex/amsfonts\amssymb.sty
(C:\Users\mirro\AppData\Local\Programs\MiKTeX\tex/latex/amsfonts\amsfonts.sty))
 (C:\Users\mirro\AppData\Local\Programs\MiKTeX\tex/latex/graphics\graphicx.sty
(C:\Users\mirro\AppData\Local\Programs\MiKTeX\tex/latex/graphics\graphics.sty
(C:\Users\mirro\AppData\Local\Programs\MiKTeX\tex/latex/graphics\trig.sty)
(C:\Users\mirro\AppData\Local\Programs\MiKTeX\tex/latex/graphics-cfg\graphics.c
fg)
(C:\Users\mirro\AppData\Local\Programs\MiKTeX\tex/latex/graphics-def\pdftex.def
)))
(C:\Users\mirro\AppData\Local\Programs\MiKTeX\tex/latex/booktabs\booktabs.sty)
(C:\Users\mirro\AppData\Local\Programs\MiKTeX\tex/latex/natbib\natbib.sty)
(C:\Users\mirro\AppData\Local\Programs\MiKTeX\tex/latex/hyperref\hyperref.sty
(C:\Users\mirro\AppData\Local\Programs\MiKTeX\tex/latex/kvsetkeys\kvsetkeys.sty
)
(C:\Users\mirro\AppData\Local\Programs\MiKTeX\tex/generic/kvdefinekeys\kvdefine
keys.sty)
(C:\Users\mirro\AppData\Local\Programs\MiKTeX\tex/generic/pdfescape\pdfescape.s
ty
(C:\Users\mirro\AppData\Local\Programs\MiKTeX\tex/generic/ltxcmds\ltxcmds.sty)
(C:\Users\mirro\AppData\Local\Programs\MiKTeX\tex/generic/pdftexcmds\pdftexcmds
.sty
(C:\Users\mirro\AppData\Local\Programs\MiKTeX\tex/generic/infwarerr\infwarerr.s
ty)))
(C:\Users\mirro\AppData\Local\Programs\MiKTeX\tex/latex/hycolor\hycolor.sty)
(C:\Users\mirro\AppData\Local\Programs\MiKTeX\tex/latex/hyperref\nameref.sty
(C:\Users\mirro\AppData\Local\Programs\MiKTeX\tex/latex/refcount\refcount.sty)
(C:\Users\mirro\AppData\Local\Programs\MiKTeX\tex/generic/gettitlestring\gettit
lestring.sty
(C:\Users\mirro\AppData\Local\Programs\MiKTeX\tex/latex/kvoptions\kvoptions.sty
)))
(C:\Users\mirro\AppData\Local\Programs\MiKTeX\tex/latex/etoolbox\etoolbox.sty)
(C:\Users\mirro\AppData\Local\Programs\MiKTeX\tex/generic/stringenc\stringenc.s
ty) (C:\Users\mirro\AppData\Local\Programs\MiKTeX\tex/latex/hyperref\pd1enc.def
) (C:\Users\mirro\AppData\Local\Programs\MiKTeX\tex/generic/intcalc\intcalc.sty
) (C:\Users\mirro\AppData\Local\Programs\MiKTeX\tex/latex/hyperref\puenc.def)
(C:\Users\mirro\AppData\Local\Programs\MiKTeX\tex/latex/url\url.sty)
(C:\Users\mirro\AppData\Local\Programs\MiKTeX\tex/generic/bitset\bitset.sty
(C:\Users\mirro\AppData\Local\Programs\MiKTeX\tex/generic/bigintcalc\bigintcalc
.sty)))
(C:\Users\mirro\AppData\Local\Programs\MiKTeX\tex/latex/hyperref\hpdftex.def
(C:\Users\mirro\AppData\Local\Programs\MiKTeX\tex/latex/rerunfilecheck\rerunfil
echeck.sty
(C:\Users\mirro\AppData\Local\Programs\MiKTeX\tex/generic/uniquecounter\uniquec
ounter.sty)))
(C:\Users\mirro\AppData\Local\Programs\MiKTeX\tex/latex/setspace\setspace.sty)
(C:\Users\mirro\AppData\Local\Programs\MiKTeX\tex/latex/caption\caption.sty
(C:\Users\mirro\AppData\Local\Programs\MiKTeX\tex/latex/caption\caption3.sty))
(C:\Users\mirro\AppData\Local\Programs\MiKTeX\tex/latex/caption\subcaption.sty)
 (C:\Users\mirro\AppData\Local\Programs\MiKTeX\tex/latex/siunitx\siunitx.sty
(C:\Users\mirro\AppData\Local\Programs\MiKTeX\tex/latex/translations\translatio
ns.sty) (C:\Users\mirro\AppData\Local\Programs\MiKTeX\tex/latex/tools\array.sty
)) (C:\Users\mirro\AppData\Local\Programs\MiKTeX\tex/latex/xcolor\xcolor.sty
(C:\Users\mirro\AppData\Local\Programs\MiKTeX\tex/latex/graphics-cfg\color.cfg)
(C:\Users\mirro\AppData\Local\Programs\MiKTeX\tex/latex/graphics\mathcolor.ltx)
)
(C:\Users\mirro\AppData\Local\Programs\MiKTeX\tex/latex/l3backend\l3backend-pdf
tex.def) (manuscript.aux)
*geometry* driver: auto-detecting
*geometry* detected driver: pdftex

(C:\Users\mirro\AppData\Local\Programs\MiKTeX\tex/context/base/mkii\supp-pdf.mk
ii
[Loading MPS to PDF converter (version 2006.09.02).]
)
(C:\Users\mirro\AppData\Local\Programs\MiKTeX\tex/latex/epstopdf-pkg\epstopdf-b
ase.sty
(C:\Users\mirro\AppData\Local\Programs\MiKTeX\tex/latex/00miktex\epstopdf-sys.c
fg)) (manuscript.out) (manuscript.out)
(C:\Users\mirro\AppData\Local\Programs\MiKTeX\tex/latex/translations/dicts\tran
slations-basic-dictionary-english.trsl)
(C:\Users\mirro\AppData\Local\Programs\MiKTeX\tex/latex/amsfonts\umsa.fd)
(C:\Users\mirro\AppData\Local\Programs\MiKTeX\tex/latex/amsfonts\umsb.fd)
Overfull \hbox (54.34114pt too wide) in paragraph at lines 41--41
 [][] 
[1{C:/Users/mirro/AppData/Local/MiKTeX/fonts/map/pdftex/pdftex.map}]
Overfull \hbox (0.87914pt too wide) in paragraph at lines 56--57
[]\OT1/cmr/m/n/10.95 The dataset an-a-lyzed here is the KH2017 mouse-tracking d
ataset dis-tributed with the \OT1/cmtt/m/n/10.95 mousetrap
(outputs/tables/table_dataset.tex) [2]
(outputs/tables/table_numerical_settings.tex) [3] [4]
(outputs/tables/table_semantic_scores.tex) [5]
(outputs/tables/table_condition_summary.tex) (outputs/tables/table_paired.tex)
[6] [7 <./figures/trajectory_fit.png>] (outputs/tables/table_rmse.tex)
(outputs/tables/table_cluster_regression.tex)

Package hyperref Warning: Token not allowed in a PDF string (Unicode):
(hyperref)                removing `math shift' on input line 173.


Package hyperref Warning: Token not allowed in a PDF string (Unicode):
(hyperref)                removing `\rho' on input line 173.


Package hyperref Warning: Token not allowed in a PDF string (Unicode):
(hyperref)                removing `math shift' on input line 173.

[8 <./figures/rho_by_condition.png>] [9 <./figures/rho_subject_paired.png>]
(outputs/tables/table_semantic_models.tex) [10 <./figures/semantic_prior_rho.pn
g>] [11 <./figures/semantic_predicted_vs_fitted.png>]
(outputs/tables/table_stochastic.tex) (outputs/tables/table_item_nll.tex)
(outputs/tables/table_sensitivity.tex) [12] [13 <./figures/decisive_four_panel.
png>] (outputs/tables/table_permutation.tex)
(outputs/tables/table_mixed_effects.tex)
(outputs/tables/table_item_recovery.tex) [14] [15] [16] (manuscript.bbl
[17]
Underfull \hbox (badness 6396) in paragraph at lines 37--42
[]\OT1/cmr/m/n/10.95 Pereira, A. (2026).  Se-man-tic scores for 19 kh2017 an-i-
mal ex-em-plars.  Repos-

Underfull \hbox (badness 10000) in paragraph at lines 37--42
\OT1/cmr/m/n/10.95 i-tory data file: \OT1/cmtt/m/n/10.95 outputs/semantic[]scor
es[]19[]items.csv\OT1/cmr/m/n/10.95 ; gen-er-ated from
) [18] (manuscript.aux) )
(see the transcript file for additional information) <C:\Users\mirro\AppData\Lo
cal\MiKTeX\fonts/pk/ljfour/jknappen/ec/dpi600\tcrm0600.pk> <C:\Users\mirro\AppD
ata\Local\MiKTeX\fonts/pk/ljfour/jknappen/ec/dpi600\tcrm0800.pk><C:/Users/mirro
/AppData/Local/Programs/MiKTeX/fonts/type1/public/amsfonts/cm/cmbx10.pfb><C:/Us
ers/mirro/AppData/Local/Programs/MiKTeX/fonts/type1/public/amsfonts/cm/cmbx12.p
fb><C:/Users/mirro/AppData/Local/Programs/MiKTeX/fonts/type1/public/amsfonts/cm
/cmex10.pfb><C:/Users/mirro/AppData/Local/Programs/MiKTeX/fonts/type1/public/am
sfonts/cm/cmmi10.pfb><C:/Users/mirro/AppData/Local/Programs/MiKTeX/fonts/type1/
public/amsfonts/cm/cmmi12.pfb><C:/Users/mirro/AppData/Local/Programs/MiKTeX/fon
ts/type1/public/amsfonts/cm/cmmi7.pfb><C:/Users/mirro/AppData/Local/Programs/Mi
KTeX/fonts/type1/public/amsfonts/cm/cmmi8.pfb><C:/Users/mirro/AppData/Local/Pro
grams/MiKTeX/fonts/type1/public/amsfonts/cm/cmr10.pfb><C:/Users/mirro/AppData/L
ocal/Programs/MiKTeX/fonts/type1/public/amsfonts/cm/cmr12.pfb><C:/Users/mirro/A
ppData/Local/Programs/MiKTeX/fonts/type1/public/amsfonts/cm/cmr17.pfb><C:/Users
/mirro/AppData/Local/Programs/MiKTeX/fonts/type1/public/amsfonts/cm/cmr8.pfb><C
:/Users/mirro/AppData/Local/Programs/MiKTeX/fonts/type1/public/amsfonts/cm/cmr9
.pfb><C:/Users/mirro/AppData/Local/Programs/MiKTeX/fonts/type1/public/amsfonts/
cm/cmsy10.pfb><C:/Users/mirro/AppData/Local/Programs/MiKTeX/fonts/type1/public/
amsfonts/cm/cmsy8.pfb><C:/Users/mirro/AppData/Local/Programs/MiKTeX/fonts/type1
/public/amsfonts/cm/cmti10.pfb><C:/Users/mirro/AppData/Local/Programs/MiKTeX/fo
nts/type1/public/amsfonts/cm/cmtt10.pfb>
Output written on manuscript.pdf (18 pages, 980276 bytes).
Transcript written on manuscript.log.
This is pdfTeX, Version 3.141592653-2.6-1.40.27 (MiKTeX 25.4) (preloaded format=pdflatex.fmt)
 restricted \write18 enabled.
entering extended mode
(manuscript.tex
LaTeX2e <2025-11-01>
L3 programming layer <2025-11-06>
(C:\Users\mirro\AppData\Local\Programs\MiKTeX\tex/latex/base\article.cls
Document Class: article 2025/01/22 v1.4n Standard LaTeX document class
(C:\Users\mirro\AppData\Local\Programs\MiKTeX\tex/latex/base\size11.clo))
(C:\Users\mirro\AppData\Local\Programs\MiKTeX\tex/latex/geometry\geometry.sty
(C:\Users\mirro\AppData\Local\Programs\MiKTeX\tex/latex/graphics\keyval.sty)
(C:\Users\mirro\AppData\Local\Programs\MiKTeX\tex/generic/iftex\ifvtex.sty
(C:\Users\mirro\AppData\Local\Programs\MiKTeX\tex/generic/iftex\iftex.sty))
(C:\Users\mirro\AppData\Local\Programs\MiKTeX\tex/latex/geometry\geometry.cfg))
(C:\Users\mirro\AppData\Local\Programs\MiKTeX\tex/latex/base\inputenc.sty)
(C:\Users\mirro\AppData\Local\Programs\MiKTeX\tex/latex/amsmath\amsmath.sty
For additional information on amsmath, use the `?' option.
(C:\Users\mirro\AppData\Local\Programs\MiKTeX\tex/latex/amsmath\amstext.sty
(C:\Users\mirro\AppData\Local\Programs\MiKTeX\tex/latex/amsmath\amsgen.sty))
(C:\Users\mirro\AppData\Local\Programs\MiKTeX\tex/latex/amsmath\amsbsy.sty)
(C:\Users\mirro\AppData\Local\Programs\MiKTeX\tex/latex/amsmath\amsopn.sty))
(C:\Users\mirro\AppData\Local\Programs\MiKTeX\tex/latex/amsfonts\amssymb.sty
(C:\Users\mirro\AppData\Local\Programs\MiKTeX\tex/latex/amsfonts\amsfonts.sty))
 (C:\Users\mirro\AppData\Local\Programs\MiKTeX\tex/latex/graphics\graphicx.sty
(C:\Users\mirro\AppData\Local\Programs\MiKTeX\tex/latex/graphics\graphics.sty
(C:\Users\mirro\AppData\Local\Programs\MiKTeX\tex/latex/graphics\trig.sty)
(C:\Users\mirro\AppData\Local\Programs\MiKTeX\tex/latex/graphics-cfg\graphics.c
fg)
(C:\Users\mirro\AppData\Local\Programs\MiKTeX\tex/latex/graphics-def\pdftex.def
)))
(C:\Users\mirro\AppData\Local\Programs\MiKTeX\tex/latex/booktabs\booktabs.sty)
(C:\Users\mirro\AppData\Local\Programs\MiKTeX\tex/latex/natbib\natbib.sty)
(C:\Users\mirro\AppData\Local\Programs\MiKTeX\tex/latex/hyperref\hyperref.sty
(C:\Users\mirro\AppData\Local\Programs\MiKTeX\tex/latex/kvsetkeys\kvsetkeys.sty
)
(C:\Users\mirro\AppData\Local\Programs\MiKTeX\tex/generic/kvdefinekeys\kvdefine
keys.sty)
(C:\Users\mirro\AppData\Local\Programs\MiKTeX\tex/generic/pdfescape\pdfescape.s
ty
(C:\Users\mirro\AppData\Local\Programs\MiKTeX\tex/generic/ltxcmds\ltxcmds.sty)
(C:\Users\mirro\AppData\Local\Programs\MiKTeX\tex/generic/pdftexcmds\pdftexcmds
.sty
(C:\Users\mirro\AppData\Local\Programs\MiKTeX\tex/generic/infwarerr\infwarerr.s
ty)))
(C:\Users\mirro\AppData\Local\Programs\MiKTeX\tex/latex/hycolor\hycolor.sty)
(C:\Users\mirro\AppData\Local\Programs\MiKTeX\tex/latex/hyperref\nameref.sty
(C:\Users\mirro\AppData\Local\Programs\MiKTeX\tex/latex/refcount\refcount.sty)
(C:\Users\mirro\AppData\Local\Programs\MiKTeX\tex/generic/gettitlestring\gettit
lestring.sty
(C:\Users\mirro\AppData\Local\Programs\MiKTeX\tex/latex/kvoptions\kvoptions.sty
)))
(C:\Users\mirro\AppData\Local\Programs\MiKTeX\tex/latex/etoolbox\etoolbox.sty)
(C:\Users\mirro\AppData\Local\Programs\MiKTeX\tex/generic/stringenc\stringenc.s
ty) (C:\Users\mirro\AppData\Local\Programs\MiKTeX\tex/latex/hyperref\pd1enc.def
) (C:\Users\mirro\AppData\Local\Programs\MiKTeX\tex/generic/intcalc\intcalc.sty
) (C:\Users\mirro\AppData\Local\Programs\MiKTeX\tex/latex/hyperref\puenc.def)
(C:\Users\mirro\AppData\Local\Programs\MiKTeX\tex/latex/url\url.sty)
(C:\Users\mirro\AppData\Local\Programs\MiKTeX\tex/generic/bitset\bitset.sty
(C:\Users\mirro\AppData\Local\Programs\MiKTeX\tex/generic/bigintcalc\bigintcalc
.sty)))
(C:\Users\mirro\AppData\Local\Programs\MiKTeX\tex/latex/hyperref\hpdftex.def
(C:\Users\mirro\AppData\Local\Programs\MiKTeX\tex/latex/rerunfilecheck\rerunfil
echeck.sty
(C:\Users\mirro\AppData\Local\Programs\MiKTeX\tex/generic/uniquecounter\uniquec
ounter.sty)))
(C:\Users\mirro\AppData\Local\Programs\MiKTeX\tex/latex/setspace\setspace.sty)
(C:\Users\mirro\AppData\Local\Programs\MiKTeX\tex/latex/caption\caption.sty
(C:\Users\mirro\AppData\Local\Programs\MiKTeX\tex/latex/caption\caption3.sty))
(C:\Users\mirro\AppData\Local\Programs\MiKTeX\tex/latex/caption\subcaption.sty)
 (C:\Users\mirro\AppData\Local\Programs\MiKTeX\tex/latex/siunitx\siunitx.sty
(C:\Users\mirro\AppData\Local\Programs\MiKTeX\tex/latex/translations\translatio
ns.sty) (C:\Users\mirro\AppData\Local\Programs\MiKTeX\tex/latex/tools\array.sty
)) (C:\Users\mirro\AppData\Local\Programs\MiKTeX\tex/latex/xcolor\xcolor.sty
(C:\Users\mirro\AppData\Local\Programs\MiKTeX\tex/latex/graphics-cfg\color.cfg)
(C:\Users\mirro\AppData\Local\Programs\MiKTeX\tex/latex/graphics\mathcolor.ltx)
)
(C:\Users\mirro\AppData\Local\Programs\MiKTeX\tex/latex/l3backend\l3backend-pdf
tex.def) (manuscript.aux)
*geometry* driver: auto-detecting
*geometry* detected driver: pdftex

(C:\Users\mirro\AppData\Local\Programs\MiKTeX\tex/context/base/mkii\supp-pdf.mk
ii
[Loading MPS to PDF converter (version 2006.09.02).]
)
(C:\Users\mirro\AppData\Local\Programs\MiKTeX\tex/latex/epstopdf-pkg\epstopdf-b
ase.sty
(C:\Users\mirro\AppData\Local\Programs\MiKTeX\tex/latex/00miktex\epstopdf-sys.c
fg)) (manuscript.out) (manuscript.out)
(C:\Users\mirro\AppData\Local\Programs\MiKTeX\tex/latex/translations/dicts\tran
slations-basic-dictionary-english.trsl)
(C:\Users\mirro\AppData\Local\Programs\MiKTeX\tex/latex/amsfonts\umsa.fd)
(C:\Users\mirro\AppData\Local\Programs\MiKTeX\tex/latex/amsfonts\umsb.fd)
Overfull \hbox (54.34114pt too wide) in paragraph at lines 41--41
 [][] 
[1{C:/Users/mirro/AppData/Local/MiKTeX/fonts/map/pdftex/pdftex.map}]
Overfull \hbox (0.87914pt too wide) in paragraph at lines 56--57
[]\OT1/cmr/m/n/10.95 The dataset an-a-lyzed here is the KH2017 mouse-tracking d
ataset dis-tributed with the \OT1/cmtt/m/n/10.95 mousetrap
(outputs/tables/table_dataset.tex) [2]
(outputs/tables/table_numerical_settings.tex) [3] [4]
(outputs/tables/table_semantic_scores.tex) [5]
(outputs/tables/table_condition_summary.tex) (outputs/tables/table_paired.tex)
[6] [7 <./figures/trajectory_fit.png>] (outputs/tables/table_rmse.tex)
(outputs/tables/table_cluster_regression.tex)

Package hyperref Warning: Token not allowed in a PDF string (Unicode):
(hyperref)                removing `math shift' on input line 173.


Package hyperref Warning: Token not allowed in a PDF string (Unicode):
(hyperref)                removing `\rho' on input line 173.


Package hyperref Warning: Token not allowed in a PDF string (Unicode):
(hyperref)                removing `math shift' on input line 173.

[8 <./figures/rho_by_condition.png>] [9 <./figures/rho_subject_paired.png>]
(outputs/tables/table_semantic_models.tex) [10 <./figures/semantic_prior_rho.pn
g>] [11 <./figures/semantic_predicted_vs_fitted.png>]
(outputs/tables/table_stochastic.tex) (outputs/tables/table_item_nll.tex)
(outputs/tables/table_sensitivity.tex) [12] [13 <./figures/decisive_four_panel.
png>] (outputs/tables/table_permutation.tex)
(outputs/tables/table_mixed_effects.tex)
(outputs/tables/table_item_recovery.tex) [14] [15] [16] (manuscript.bbl
[17]
Underfull \hbox (badness 6396) in paragraph at lines 37--42
[]\OT1/cmr/m/n/10.95 Pereira, A. (2026).  Se-man-tic scores for 19 kh2017 an-i-
mal ex-em-plars.  Repos-

Underfull \hbox (badness 10000) in paragraph at lines 37--42
\OT1/cmr/m/n/10.95 i-tory data file: \OT1/cmtt/m/n/10.95 outputs/semantic[]scor
es[]19[]items.csv\OT1/cmr/m/n/10.95 ; gen-er-ated from
) [18] (manuscript.aux) )
(see the transcript file for additional information) <C:\Users\mirro\AppData\Lo
cal\MiKTeX\fonts/pk/ljfour/jknappen/ec/dpi600\tcrm0600.pk> <C:\Users\mirro\AppD
ata\Local\MiKTeX\fonts/pk/ljfour/jknappen/ec/dpi600\tcrm0800.pk><C:/Users/mirro
/AppData/Local/Programs/MiKTeX/fonts/type1/public/amsfonts/cm/cmbx10.pfb><C:/Us
ers/mirro/AppData/Local/Programs/MiKTeX/fonts/type1/public/amsfonts/cm/cmbx12.p
fb><C:/Users/mirro/AppData/Local/Programs/MiKTeX/fonts/type1/public/amsfonts/cm
/cmex10.pfb><C:/Users/mirro/AppData/Local/Programs/MiKTeX/fonts/type1/public/am
sfonts/cm/cmmi10.pfb><C:/Users/mirro/AppData/Local/Programs/MiKTeX/fonts/type1/
public/amsfonts/cm/cmmi12.pfb><C:/Users/mirro/AppData/Local/Programs/MiKTeX/fon
ts/type1/public/amsfonts/cm/cmmi7.pfb><C:/Users/mirro/AppData/Local/Programs/Mi
KTeX/fonts/type1/public/amsfonts/cm/cmmi8.pfb><C:/Users/mirro/AppData/Local/Pro
grams/MiKTeX/fonts/type1/public/amsfonts/cm/cmr10.pfb><C:/Users/mirro/AppData/L
ocal/Programs/MiKTeX/fonts/type1/public/amsfonts/cm/cmr12.pfb><C:/Users/mirro/A
ppData/Local/Programs/MiKTeX/fonts/type1/public/amsfonts/cm/cmr17.pfb><C:/Users
/mirro/AppData/Local/Programs/MiKTeX/fonts/type1/public/amsfonts/cm/cmr8.pfb><C
:/Users/mirro/AppData/Local/Programs/MiKTeX/fonts/type1/public/amsfonts/cm/cmr9
.pfb><C:/Users/mirro/AppData/Local/Programs/MiKTeX/fonts/type1/public/amsfonts/
cm/cmsy10.pfb><C:/Users/mirro/AppData/Local/Programs/MiKTeX/fonts/type1/public/
amsfonts/cm/cmsy8.pfb><C:/Users/mirro/AppData/Local/Programs/MiKTeX/fonts/type1
/public/amsfonts/cm/cmti10.pfb><C:/Users/mirro/AppData/Local/Programs/MiKTeX/fo
nts/type1/public/amsfonts/cm/cmtt10.pfb>
Output written on manuscript.pdf (18 pages, 980276 bytes).
Transcript written on manuscript.log.
